<?xml version="1.0" encoding="UTF-8"?>
<!-- Generated by org.testng.reporters.JUnitReportReporter -->
<testsuite hostname="DESKTOP-BBVGNLM" failures="0" tests="1" name="com.w2a.TestCases.BankManagerloginTest" time="3.150" errors="0" timestamp="2020-10-09T07:49:43 IST" skipped="0">
  <testcase classname="com.w2a.TestCases.BankManagerloginTest" name="loginAsBankManaget" time="3.150"/>
  <system-out/>
</testsuite> <!-- com.w2a.TestCases.BankManagerloginTest -->
