<?xml version="1.0" encoding="UTF-8"?>
<!-- Generated by org.testng.reporters.JUnitReportReporter -->
<testsuite hostname="DESKTOP-BBVGNLM" failures="0" tests="2" name="com.w2a.BaseClass.AddCustomerTest" time="45.503" errors="0" timestamp="2020-10-10T09:34:35 IST" skipped="0">
  <testcase classname="com.w2a.BaseClass.AddCustomerTest" name="addCustomer" time="32.981"/>
  <system-out/>
  <testcase classname="com.w2a.BaseClass.AddCustomerTest" name="CustomerPage" time="12.522"/>
  <system-out/>
</testsuite> <!-- com.w2a.BaseClass.AddCustomerTest -->
