<?xml version="1.0" encoding="UTF-8"?>
<!-- Generated by org.testng.reporters.JUnitReportReporter -->
<testsuite hostname="DESKTOP-BBVGNLM" failures="0" tests="1" name="com.w2a.BaseClass.AddCustomerTest" time="8.470" errors="0" timestamp="2020-10-09T08:43:41 IST" skipped="0">
  <testcase classname="com.w2a.BaseClass.AddCustomerTest" name="addCustomer" time="8.470"/>
  <system-out/>
</testsuite> <!-- com.w2a.BaseClass.AddCustomerTest -->
