<?xml version="1.0" encoding="UTF-8"?>
<!-- Generated by org.testng.reporters.JUnitReportReporter -->
<testsuite hostname="DESKTOP-BBVGNLM" failures="0" tests="1" name="com.w2a.TestCases.loginTest" time="4.265" errors="0" timestamp="2020-10-07T02:41:26 IST" skipped="0">
  <testcase classname="com.w2a.TestCases.loginTest" name="loginAsBankManaget" time="4.265"/>
  <system-out/>
</testsuite> <!-- com.w2a.TestCases.loginTest -->
